mode: set
MyPIPE/handler/ChangeOrderOfPlayListMovies.go:18.193,23.2 1 1
MyPIPE/handler/ChangeOrderOfPlayListMovies.go:25.108,33.80 7 1
MyPIPE/handler/ChangeOrderOfPlayListMovies.go:49.2,50.22 2 1
MyPIPE/handler/ChangeOrderOfPlayListMovies.go:54.2,55.26 2 1
MyPIPE/handler/ChangeOrderOfPlayListMovies.go:59.2,59.32 1 1
MyPIPE/handler/ChangeOrderOfPlayListMovies.go:69.2,73.19 4 1
MyPIPE/handler/ChangeOrderOfPlayListMovies.go:82.2,84.4 1 1
MyPIPE/handler/ChangeOrderOfPlayListMovies.go:33.80,36.24 3 1
MyPIPE/handler/ChangeOrderOfPlayListMovies.go:40.3,42.22 3 1
MyPIPE/handler/ChangeOrderOfPlayListMovies.go:46.3,46.156 1 1
MyPIPE/handler/ChangeOrderOfPlayListMovies.go:36.24,38.4 1 1
MyPIPE/handler/ChangeOrderOfPlayListMovies.go:42.22,44.4 1 1
MyPIPE/handler/ChangeOrderOfPlayListMovies.go:50.22,52.3 1 0
MyPIPE/handler/ChangeOrderOfPlayListMovies.go:55.26,57.3 1 1
MyPIPE/handler/ChangeOrderOfPlayListMovies.go:59.32,67.3 4 1
MyPIPE/handler/ChangeOrderOfPlayListMovies.go:73.19,80.3 3 1
MyPIPE/handler/FollowUser.go:13.33,21.22 7 0
MyPIPE/handler/FollowUser.go:25.2,26.24 2 0
MyPIPE/handler/FollowUser.go:30.2,30.32 1 0
MyPIPE/handler/FollowUser.go:40.2,45.33 6 0
MyPIPE/handler/FollowUser.go:53.2,56.4 1 0
MyPIPE/handler/FollowUser.go:21.22,23.3 1 0
MyPIPE/handler/FollowUser.go:26.24,28.3 1 0
MyPIPE/handler/FollowUser.go:30.32,38.3 4 0
MyPIPE/handler/FollowUser.go:45.33,52.3 3 0
MyPIPE/handler/IndexMovie.go:17.131,22.2 1 1
MyPIPE/handler/IndexMovie.go:24.57,31.16 5 1
MyPIPE/handler/IndexMovie.go:37.2,38.21 2 1
MyPIPE/handler/IndexMovie.go:42.2,42.32 1 1
MyPIPE/handler/IndexMovie.go:52.2,56.27 4 1
MyPIPE/handler/IndexMovie.go:65.2,65.43 1 1
MyPIPE/handler/IndexMovie.go:31.16,33.3 1 1
MyPIPE/handler/IndexMovie.go:33.8,35.3 1 1
MyPIPE/handler/IndexMovie.go:38.21,40.3 1 0
MyPIPE/handler/IndexMovie.go:42.32,50.3 4 0
MyPIPE/handler/IndexMovie.go:56.27,63.3 3 0
MyPIPE/handler/IndexPlayListMovies.go:19.190,24.2 1 1
MyPIPE/handler/IndexPlayListMovies.go:26.84,33.22 5 1
MyPIPE/handler/IndexPlayListMovies.go:37.2,38.26 2 1
MyPIPE/handler/IndexPlayListMovies.go:42.2,42.32 1 1
MyPIPE/handler/IndexPlayListMovies.go:52.2,56.27 4 1
MyPIPE/handler/IndexPlayListMovies.go:65.2,65.43 1 1
MyPIPE/handler/IndexPlayListMovies.go:33.22,35.3 1 0
MyPIPE/handler/IndexPlayListMovies.go:38.26,40.3 1 1
MyPIPE/handler/IndexPlayListMovies.go:42.32,50.3 4 1
MyPIPE/handler/IndexPlayListMovies.go:56.27,63.3 3 0
MyPIPE/handler/Movie.go:25.330,34.2 1 1
MyPIPE/handler/Movie.go:36.54,41.16 4 1
MyPIPE/handler/Movie.go:45.2,47.27 3 1
MyPIPE/handler/Movie.go:41.16,43.3 1 0
MyPIPE/handler/Movie.go:47.27,54.3 3 0
MyPIPE/handler/Movie.go:54.8,56.3 1 1
MyPIPE/handler/Movie.go:59.48,70.16 7 1
MyPIPE/handler/Movie.go:74.2,75.23 2 1
MyPIPE/handler/Movie.go:79.2,80.27 2 1
MyPIPE/handler/Movie.go:84.2,85.27 2 1
MyPIPE/handler/Movie.go:89.2,90.22 2 1
MyPIPE/handler/Movie.go:94.2,95.22 2 1
MyPIPE/handler/Movie.go:99.2,99.32 1 1
MyPIPE/handler/Movie.go:109.2,119.34 3 1
MyPIPE/handler/Movie.go:129.2,134.4 2 1
MyPIPE/handler/Movie.go:70.16,72.3 1 0
MyPIPE/handler/Movie.go:75.23,77.3 1 1
MyPIPE/handler/Movie.go:80.27,82.3 1 0
MyPIPE/handler/Movie.go:85.27,87.3 1 0
MyPIPE/handler/Movie.go:90.22,92.3 1 1
MyPIPE/handler/Movie.go:95.22,97.3 1 1
MyPIPE/handler/Movie.go:99.32,107.3 4 1
MyPIPE/handler/Movie.go:119.34,127.3 4 1
MyPIPE/handler/Movie.go:146.52,154.22 4 1
MyPIPE/handler/Movie.go:158.2,161.23 4 1
MyPIPE/handler/Movie.go:165.2,168.29 4 1
MyPIPE/handler/Movie.go:176.2,177.32 2 1
MyPIPE/handler/Movie.go:187.2,189.38 3 1
MyPIPE/handler/Movie.go:198.2,201.4 1 1
MyPIPE/handler/Movie.go:154.22,156.3 1 0
MyPIPE/handler/Movie.go:161.23,163.3 1 1
MyPIPE/handler/Movie.go:168.29,170.3 1 0
MyPIPE/handler/Movie.go:170.7,172.25 2 1
MyPIPE/handler/Movie.go:172.25,174.4 1 1
MyPIPE/handler/Movie.go:177.32,185.3 4 1
MyPIPE/handler/Movie.go:189.38,196.3 3 1
MyPIPE/handler/PlayList.go:23.19,29.2 1 1
MyPIPE/handler/PlayList.go:31.69,42.22 9 1
MyPIPE/handler/PlayList.go:46.2,48.28 3 1
MyPIPE/handler/PlayList.go:52.2,54.35 3 1
MyPIPE/handler/PlayList.go:58.2,58.32 1 1
MyPIPE/handler/PlayList.go:68.2,69.37 2 1
MyPIPE/handler/PlayList.go:78.2,81.4 1 1
MyPIPE/handler/PlayList.go:42.22,44.3 1 0
MyPIPE/handler/PlayList.go:48.28,50.3 1 1
MyPIPE/handler/PlayList.go:54.35,56.3 1 0
MyPIPE/handler/PlayList.go:58.32,66.3 4 1
MyPIPE/handler/PlayList.go:69.37,76.3 3 1
MyPIPE/handler/IndexPlayListsInMyPage.go:18.203,23.2 1 1
MyPIPE/handler/IndexPlayListsInMyPage.go:25.93,31.22 4 1
MyPIPE/handler/IndexPlayListsInMyPage.go:35.2,35.32 1 1
MyPIPE/handler/IndexPlayListsInMyPage.go:45.2,49.27 4 1
MyPIPE/handler/IndexPlayListsInMyPage.go:58.2,58.43 1 1
MyPIPE/handler/IndexPlayListsInMyPage.go:31.22,33.3 1 0
MyPIPE/handler/IndexPlayListsInMyPage.go:35.32,43.3 4 0
MyPIPE/handler/IndexPlayListsInMyPage.go:49.27,56.3 3 0
MyPIPE/handler/PostComment.go:18.155,24.2 1 1
MyPIPE/handler/PostComment.go:26.60,36.20 7 1
MyPIPE/handler/PostComment.go:41.2,42.22 2 1
MyPIPE/handler/PostComment.go:47.2,48.23 2 1
MyPIPE/handler/PostComment.go:53.2,53.25 1 1
MyPIPE/handler/PostComment.go:62.2,65.27 3 1
MyPIPE/handler/PostComment.go:74.2,76.4 1 1
MyPIPE/handler/PostComment.go:36.20,39.3 2 1
MyPIPE/handler/PostComment.go:42.22,45.3 2 0
MyPIPE/handler/PostComment.go:48.23,51.3 2 1
MyPIPE/handler/PostComment.go:53.25,60.3 3 1
MyPIPE/handler/PostComment.go:65.27,72.3 3 1
MyPIPE/handler/ChangePassword.go:18.96,23.2 1 1
MyPIPE/handler/ChangePassword.go:25.69,29.22 4 1
MyPIPE/handler/ChangePassword.go:33.2,36.28 4 1
MyPIPE/handler/ChangePassword.go:40.2,40.32 1 1
MyPIPE/handler/ChangePassword.go:50.2,52.16 3 1
MyPIPE/handler/ChangePassword.go:61.2,64.4 1 1
MyPIPE/handler/ChangePassword.go:29.22,31.3 1 0
MyPIPE/handler/ChangePassword.go:36.28,38.3 1 1
MyPIPE/handler/ChangePassword.go:40.32,48.3 4 1
MyPIPE/handler/ChangePassword.go:52.16,59.3 3 1
MyPIPE/handler/ChangeUserProfileImage.go:19.216,25.2 1 1
MyPIPE/handler/ChangeUserProfileImage.go:27.93,32.22 4 1
MyPIPE/handler/ChangeUserProfileImage.go:36.2,39.25 4 1
MyPIPE/handler/ChangeUserProfileImage.go:48.2,48.32 1 1
MyPIPE/handler/ChangeUserProfileImage.go:58.2,60.34 3 1
MyPIPE/handler/ChangeUserProfileImage.go:69.2,71.4 1 1
MyPIPE/handler/ChangeUserProfileImage.go:32.22,34.3 1 0
MyPIPE/handler/ChangeUserProfileImage.go:39.25,41.3 1 1
MyPIPE/handler/ChangeUserProfileImage.go:41.7,43.28 2 1
MyPIPE/handler/ChangeUserProfileImage.go:43.28,45.4 1 1
MyPIPE/handler/ChangeUserProfileImage.go:48.32,56.3 4 1
MyPIPE/handler/ChangeUserProfileImage.go:60.34,67.3 3 1
MyPIPE/handler/CheckUserAlreadyLikedMovie.go:18.193,23.2 1 1
MyPIPE/handler/CheckUserAlreadyLikedMovie.go:25.105,37.28 9 1
MyPIPE/handler/CheckUserAlreadyLikedMovie.go:43.2,44.29 2 1
MyPIPE/handler/CheckUserAlreadyLikedMovie.go:50.2,50.32 1 1
MyPIPE/handler/CheckUserAlreadyLikedMovie.go:60.2,63.12 3 1
MyPIPE/handler/CheckUserAlreadyLikedMovie.go:37.28,39.3 1 1
MyPIPE/handler/CheckUserAlreadyLikedMovie.go:39.8,41.3 1 1
MyPIPE/handler/CheckUserAlreadyLikedMovie.go:44.29,46.3 1 1
MyPIPE/handler/CheckUserAlreadyLikedMovie.go:46.8,48.3 1 1
MyPIPE/handler/CheckUserAlreadyLikedMovie.go:50.32,58.3 4 1
MyPIPE/handler/CheckUserAlreadyLikedMovie.go:63.12,67.3 1 1
MyPIPE/handler/CheckUserAlreadyLikedMovie.go:67.8,71.3 1 1
MyPIPE/handler/GetLoggedInUserData.go:18.185,23.2 1 1
MyPIPE/handler/GetLoggedInUserData.go:25.84,29.22 4 1
MyPIPE/handler/GetLoggedInUserData.go:33.2,33.32 1 1
MyPIPE/handler/GetLoggedInUserData.go:43.2,46.37 3 1
MyPIPE/handler/GetLoggedInUserData.go:29.22,31.3 1 0
MyPIPE/handler/GetLoggedInUserData.go:33.32,41.3 4 0
MyPIPE/handler/GetMovieAndComments.go:18.153,23.2 1 1
MyPIPE/handler/GetMovieAndComments.go:25.84,32.23 6 1
MyPIPE/handler/GetMovieAndComments.go:36.2,36.32 1 1
MyPIPE/handler/GetMovieAndComments.go:46.2,50.27 4 1
MyPIPE/handler/GetMovieAndComments.go:59.2,59.43 1 1
MyPIPE/handler/GetMovieAndComments.go:32.23,34.3 1 1
MyPIPE/handler/GetMovieAndComments.go:36.32,44.3 4 1
MyPIPE/handler/GetMovieAndComments.go:50.27,57.3 3 0
MyPIPE/handler/Authorization.go:17.185,23.2 1 1
MyPIPE/handler/Authorization.go:25.74,35.42 7 1
MyPIPE/handler/Authorization.go:45.2,46.16 2 1
MyPIPE/handler/Authorization.go:53.2,55.4 1 1
MyPIPE/handler/Authorization.go:35.42,43.3 4 1
MyPIPE/handler/Authorization.go:46.16,52.3 3 1
MyPIPE/handler/Authorization.go:62.65,82.55 12 1
MyPIPE/handler/Authorization.go:89.2,89.25 1 1
MyPIPE/handler/Authorization.go:98.2,100.30 2 1
MyPIPE/handler/Authorization.go:109.2,111.4 1 1
MyPIPE/handler/Authorization.go:82.55,83.26 1 1
MyPIPE/handler/Authorization.go:83.26,86.4 2 1
MyPIPE/handler/Authorization.go:89.25,96.3 3 1
MyPIPE/handler/Authorization.go:100.30,107.3 3 1
MyPIPE/handler/ChangeUserName.go:18.96,23.2 1 1
MyPIPE/handler/ChangeUserName.go:25.69,30.22 4 1
MyPIPE/handler/ChangeUserName.go:34.2,37.24 4 1
MyPIPE/handler/ChangeUserName.go:41.2,41.32 1 1
MyPIPE/handler/ChangeUserName.go:51.2,54.16 3 1
MyPIPE/handler/ChangeUserName.go:63.2,66.4 1 1
MyPIPE/handler/ChangeUserName.go:30.22,32.3 1 0
MyPIPE/handler/ChangeUserName.go:37.24,39.3 1 1
MyPIPE/handler/ChangeUserName.go:41.32,49.3 4 1
MyPIPE/handler/ChangeUserName.go:54.16,61.3 3 1
MyPIPE/handler/DeletePlayList.go:19.131,24.2 1 1
MyPIPE/handler/DeletePlayList.go:26.69,30.22 4 1
MyPIPE/handler/DeletePlayList.go:34.2,37.30 4 1
MyPIPE/handler/DeletePlayList.go:43.2,43.32 1 1
MyPIPE/handler/DeletePlayList.go:53.2,56.19 3 1
MyPIPE/handler/DeletePlayList.go:65.2,68.4 1 1
MyPIPE/handler/DeletePlayList.go:30.22,32.3 1 0
MyPIPE/handler/DeletePlayList.go:37.30,39.3 1 1
MyPIPE/handler/DeletePlayList.go:39.8,41.3 1 1
MyPIPE/handler/DeletePlayList.go:43.32,51.3 4 1
MyPIPE/handler/DeletePlayList.go:56.19,63.3 3 1
MyPIPE/handler/EvaluateMovie.go:19.177,25.2 1 1
MyPIPE/handler/EvaluateMovie.go:27.66,36.22 8 1
MyPIPE/handler/EvaluateMovie.go:40.2,42.23 3 1
MyPIPE/handler/EvaluateMovie.go:46.2,48.26 3 1
MyPIPE/handler/EvaluateMovie.go:52.2,52.32 1 1
MyPIPE/handler/EvaluateMovie.go:62.2,63.36 2 1
MyPIPE/handler/EvaluateMovie.go:71.2,74.4 1 1
MyPIPE/handler/EvaluateMovie.go:36.22,38.3 1 0
MyPIPE/handler/EvaluateMovie.go:42.23,44.3 1 1
MyPIPE/handler/EvaluateMovie.go:48.26,50.3 1 1
MyPIPE/handler/EvaluateMovie.go:52.32,60.3 4 1
MyPIPE/handler/EvaluateMovie.go:63.36,70.3 3 1
MyPIPE/handler/IndexPlayListInMovieListPage.go:19.239,24.2 1 1
MyPIPE/handler/IndexPlayListInMovieListPage.go:26.111,31.22 3 1
MyPIPE/handler/IndexPlayListInMovieListPage.go:35.2,37.29 3 1
MyPIPE/handler/IndexPlayListInMovieListPage.go:43.2,43.32 1 1
MyPIPE/handler/IndexPlayListInMovieListPage.go:52.2,56.27 4 1
MyPIPE/handler/IndexPlayListInMovieListPage.go:65.2,65.43 1 1
MyPIPE/handler/IndexPlayListInMovieListPage.go:31.22,33.3 1 0
MyPIPE/handler/IndexPlayListInMovieListPage.go:37.29,39.3 1 1
MyPIPE/handler/IndexPlayListInMovieListPage.go:39.8,41.3 1 1
MyPIPE/handler/IndexPlayListInMovieListPage.go:43.32,51.3 4 1
MyPIPE/handler/IndexPlayListInMovieListPage.go:56.27,63.3 3 0
MyPIPE/handler/PlayListItem.go:29.13,37.2 1 1
MyPIPE/handler/PlayListItem.go:39.59,49.26 9 1
MyPIPE/handler/PlayListItem.go:53.2,55.22 3 1
MyPIPE/handler/PlayListItem.go:59.2,61.23 3 1
MyPIPE/handler/PlayListItem.go:65.2,65.32 1 1
MyPIPE/handler/PlayListItem.go:75.2,76.16 2 1
MyPIPE/handler/PlayListItem.go:84.2,87.4 1 1
MyPIPE/handler/PlayListItem.go:49.26,51.3 1 1
MyPIPE/handler/PlayListItem.go:55.22,57.3 1 0
MyPIPE/handler/PlayListItem.go:61.23,63.3 1 1
MyPIPE/handler/PlayListItem.go:65.32,73.3 4 1
MyPIPE/handler/PlayListItem.go:76.16,83.3 3 1
MyPIPE/handler/PlayListItem.go:96.62,101.26 4 1
MyPIPE/handler/PlayListItem.go:105.2,106.22 2 1
MyPIPE/handler/PlayListItem.go:110.2,112.23 3 1
MyPIPE/handler/PlayListItem.go:116.2,116.32 1 1
MyPIPE/handler/PlayListItem.go:126.2,129.16 3 1
MyPIPE/handler/PlayListItem.go:136.2,139.4 1 1
MyPIPE/handler/PlayListItem.go:101.26,103.3 1 1
MyPIPE/handler/PlayListItem.go:106.22,108.3 1 0
MyPIPE/handler/PlayListItem.go:112.23,114.3 1 1
MyPIPE/handler/PlayListItem.go:116.32,124.3 4 1
MyPIPE/handler/PlayListItem.go:129.16,135.3 2 1
MyPIPE/handler/UploadMovieFile.go:25.20,32.2 1 0
MyPIPE/handler/UploadMovieFile.go:34.72,42.22 4 0
MyPIPE/handler/UploadMovieFile.go:46.2,49.29 4 0
MyPIPE/handler/UploadMovieFile.go:59.2,59.32 1 0
MyPIPE/handler/UploadMovieFile.go:70.2,71.20 2 0
MyPIPE/handler/UploadMovieFile.go:81.2,84.16 3 0
MyPIPE/handler/UploadMovieFile.go:93.2,94.50 2 0
MyPIPE/handler/UploadMovieFile.go:42.22,44.3 1 0
MyPIPE/handler/UploadMovieFile.go:49.29,51.3 1 0
MyPIPE/handler/UploadMovieFile.go:51.7,53.25 2 0
MyPIPE/handler/UploadMovieFile.go:53.25,55.4 1 0
MyPIPE/handler/UploadMovieFile.go:59.32,67.3 4 0
MyPIPE/handler/UploadMovieFile.go:71.20,78.3 3 0
MyPIPE/handler/UploadMovieFile.go:84.16,91.3 3 0
