mode: set
MyPIPE/usecase/ChangeUserProfileImage.go:17.152,22.2 1 1
MyPIPE/usecase/ChangeUserProfileImage.go:24.116,26.24 2 1
MyPIPE/usecase/ChangeUserProfileImage.go:30.2,31.31 2 1
MyPIPE/usecase/ChangeUserProfileImage.go:35.2,36.22 2 1
MyPIPE/usecase/ChangeUserProfileImage.go:40.2,41.26 2 1
MyPIPE/usecase/ChangeUserProfileImage.go:45.2,45.12 1 1
MyPIPE/usecase/ChangeUserProfileImage.go:26.24,28.3 1 1
MyPIPE/usecase/ChangeUserProfileImage.go:31.31,33.3 1 0
MyPIPE/usecase/ChangeUserProfileImage.go:36.22,38.3 1 1
MyPIPE/usecase/ChangeUserProfileImage.go:41.26,43.3 1 1
MyPIPE/usecase/ChangeUserProfileImage.go:53.121,58.2 1 0
MyPIPE/usecase/GetLoggedInUserData.go:16.98,20.2 1 1
MyPIPE/usecase/GetLoggedInUserData.go:22.120,24.2 1 1
MyPIPE/usecase/GetLoggedInUserData.go:30.77,34.2 1 0
MyPIPE/usecase/IndexPlayListItem.go:16.109,20.2 1 1
MyPIPE/usecase/IndexPlayListItem.go:22.147,24.2 1 1
MyPIPE/usecase/IndexPlayListItem.go:31.118,36.2 1 0
MyPIPE/usecase/UpdateMovie.go:17.64,21.2 1 1
MyPIPE/usecase/UpdateMovie.go:23.73,25.25 2 1
MyPIPE/usecase/UpdateMovie.go:28.2,29.33 2 1
MyPIPE/usecase/UpdateMovie.go:33.2,34.33 2 1
MyPIPE/usecase/UpdateMovie.go:38.2,39.28 2 1
MyPIPE/usecase/UpdateMovie.go:43.2,44.28 2 1
MyPIPE/usecase/UpdateMovie.go:48.2,49.27 2 1
MyPIPE/usecase/UpdateMovie.go:53.2,53.26 1 1
MyPIPE/usecase/UpdateMovie.go:25.25,27.3 1 1
MyPIPE/usecase/UpdateMovie.go:29.33,31.3 1 0
MyPIPE/usecase/UpdateMovie.go:34.33,36.3 1 0
MyPIPE/usecase/UpdateMovie.go:39.28,41.3 1 0
MyPIPE/usecase/UpdateMovie.go:44.28,46.3 1 1
MyPIPE/usecase/UpdateMovie.go:49.27,51.3 1 1
MyPIPE/usecase/UpdateMovie.go:65.90,67.25 2 0
MyPIPE/usecase/UpdateMovie.go:71.2,72.28 2 0
MyPIPE/usecase/UpdateMovie.go:76.2,77.27 2 0
MyPIPE/usecase/UpdateMovie.go:81.2,81.26 1 0
MyPIPE/usecase/UpdateMovie.go:67.25,69.3 1 0
MyPIPE/usecase/UpdateMovie.go:72.28,74.3 1 0
MyPIPE/usecase/UpdateMovie.go:77.27,79.3 1 0
MyPIPE/usecase/UserTemporaryRegistration.go:18.104,22.2 1 1
MyPIPE/usecase/UserTemporaryRegistration.go:24.79,27.57 2 1
MyPIPE/usecase/UserTemporaryRegistration.go:32.2,32.57 1 1
MyPIPE/usecase/UserTemporaryRegistration.go:43.2,45.24 3 1
MyPIPE/usecase/UserTemporaryRegistration.go:48.2,49.17 2 1
MyPIPE/usecase/UserTemporaryRegistration.go:52.2,52.12 1 1
MyPIPE/usecase/UserTemporaryRegistration.go:27.57,29.3 1 1
MyPIPE/usecase/UserTemporaryRegistration.go:32.57,34.25 2 1
MyPIPE/usecase/UserTemporaryRegistration.go:37.3,38.25 2 1
MyPIPE/usecase/UserTemporaryRegistration.go:41.3,41.13 1 1
MyPIPE/usecase/UserTemporaryRegistration.go:34.25,36.4 1 0
MyPIPE/usecase/UserTemporaryRegistration.go:38.25,40.4 1 1
MyPIPE/usecase/UserTemporaryRegistration.go:45.24,47.3 1 0
MyPIPE/usecase/UserTemporaryRegistration.go:49.17,51.3 1 1
MyPIPE/usecase/AddPlayListItem.go:20.145,26.2 1 1
MyPIPE/usecase/AddPlayListItem.go:28.93,31.70 2 1
MyPIPE/usecase/AddPlayListItem.go:34.2,34.28 1 1
MyPIPE/usecase/AddPlayListItem.go:38.2,39.16 2 1
MyPIPE/usecase/AddPlayListItem.go:42.2,43.33 2 1
MyPIPE/usecase/AddPlayListItem.go:47.2,47.12 1 1
MyPIPE/usecase/AddPlayListItem.go:31.70,33.3 1 1
MyPIPE/usecase/AddPlayListItem.go:34.28,36.3 1 1
MyPIPE/usecase/AddPlayListItem.go:39.16,41.3 1 1
MyPIPE/usecase/AddPlayListItem.go:43.33,45.3 1 1
MyPIPE/usecase/CreatePlayList.go:17.102,22.2 1 1
MyPIPE/usecase/CreatePlayList.go:24.81,28.20 3 1
MyPIPE/usecase/CreatePlayList.go:31.2,31.12 1 1
MyPIPE/usecase/CreatePlayList.go:28.20,30.3 1 1
MyPIPE/usecase/CreatePlayList.go:40.147,46.2 1 0
MyPIPE/usecase/DeletePlayListMovie.go:18.124,23.2 1 1
MyPIPE/usecase/DeletePlayListMovie.go:25.103,28.73 2 1
MyPIPE/usecase/DeletePlayListMovie.go:31.2,31.28 1 1
MyPIPE/usecase/DeletePlayListMovie.go:35.2,36.26 2 1
MyPIPE/usecase/DeletePlayListMovie.go:40.2,41.35 2 1
MyPIPE/usecase/DeletePlayListMovie.go:45.2,45.12 1 1
MyPIPE/usecase/DeletePlayListMovie.go:28.73,30.3 1 1
MyPIPE/usecase/DeletePlayListMovie.go:31.28,33.3 1 1
MyPIPE/usecase/DeletePlayListMovie.go:36.26,38.3 1 1
MyPIPE/usecase/DeletePlayListMovie.go:41.35,43.3 1 1
MyPIPE/usecase/DeletePlayListMovie.go:55.130,61.2 1 0
MyPIPE/usecase/EvaluateMovie.go:18.111,23.2 1 1
MyPIPE/usecase/EvaluateMovie.go:25.80,27.21 2 1
MyPIPE/usecase/EvaluateMovie.go:31.2,31.18 1 1
MyPIPE/usecase/EvaluateMovie.go:35.2,37.28 2 1
MyPIPE/usecase/EvaluateMovie.go:46.2,47.26 2 1
MyPIPE/usecase/EvaluateMovie.go:51.2,52.30 2 1
MyPIPE/usecase/EvaluateMovie.go:55.2,55.12 1 1
MyPIPE/usecase/EvaluateMovie.go:27.21,29.3 1 1
MyPIPE/usecase/EvaluateMovie.go:31.18,33.3 1 1
MyPIPE/usecase/EvaluateMovie.go:37.28,40.31 3 1
MyPIPE/usecase/EvaluateMovie.go:43.3,43.13 1 1
MyPIPE/usecase/EvaluateMovie.go:40.31,42.4 1 1
MyPIPE/usecase/EvaluateMovie.go:47.26,49.3 1 0
MyPIPE/usecase/EvaluateMovie.go:52.30,54.3 1 1
MyPIPE/usecase/EvaluateMovie.go:64.117,70.2 1 0
MyPIPE/usecase/IndexPlayListInMovieListPage.go:16.152,20.2 1 1
MyPIPE/usecase/IndexPlayListInMovieListPage.go:22.108,24.2 1 1
MyPIPE/usecase/IndexPlayListInMovieListPage.go:31.70,36.2 1 0
MyPIPE/usecase/PostMovie.go:20.159,27.2 1 0
MyPIPE/usecase/PostMovie.go:29.81,31.24 2 0
MyPIPE/usecase/PostMovie.go:35.2,36.22 2 0
MyPIPE/usecase/PostMovie.go:40.2,41.16 2 0
MyPIPE/usecase/PostMovie.go:45.2,46.31 2 0
MyPIPE/usecase/PostMovie.go:50.2,50.27 1 0
MyPIPE/usecase/PostMovie.go:31.24,33.3 1 0
MyPIPE/usecase/PostMovie.go:36.22,38.3 1 0
MyPIPE/usecase/PostMovie.go:41.16,43.3 1 0
MyPIPE/usecase/PostMovie.go:46.31,48.3 1 0
MyPIPE/usecase/PostMovie.go:59.118,65.2 1 0
MyPIPE/usecase/UploadedMovies.go:16.73,20.2 1 1
MyPIPE/usecase/UploadedMovies.go:22.83,25.2 2 1
MyPIPE/usecase/UserExistsForAuth.go:12.61,16.2 1 1
MyPIPE/usecase/UserExistsForAuth.go:18.105,21.63 2 1
MyPIPE/usecase/UserExistsForAuth.go:25.2,25.17 1 1
MyPIPE/usecase/UserExistsForAuth.go:21.63,23.3 1 1
MyPIPE/usecase/ChangeOrderOfPlayListMovies.go:16.104,20.2 1 1
MyPIPE/usecase/ChangeOrderOfPlayListMovies.go:22.136,26.79 3 1
MyPIPE/usecase/ChangeOrderOfPlayListMovies.go:30.2,30.43 1 1
MyPIPE/usecase/ChangeOrderOfPlayListMovies.go:34.2,35.20 2 1
MyPIPE/usecase/ChangeOrderOfPlayListMovies.go:38.2,38.12 1 1
MyPIPE/usecase/ChangeOrderOfPlayListMovies.go:26.79,28.3 1 1
MyPIPE/usecase/ChangeOrderOfPlayListMovies.go:30.43,32.3 1 1
MyPIPE/usecase/ChangeOrderOfPlayListMovies.go:35.20,37.3 1 1
MyPIPE/usecase/ChangeUserName.go:16.69,20.2 1 1
MyPIPE/usecase/ChangeUserName.go:22.84,24.24 2 1
MyPIPE/usecase/ChangeUserName.go:28.2,29.30 2 1
MyPIPE/usecase/ChangeUserName.go:33.2,34.26 2 1
MyPIPE/usecase/ChangeUserName.go:38.2,38.12 1 1
MyPIPE/usecase/ChangeUserName.go:24.24,26.3 1 1
MyPIPE/usecase/ChangeUserName.go:29.30,31.3 1 0
MyPIPE/usecase/ChangeUserName.go:34.26,36.3 1 1
MyPIPE/usecase/ChangeUserName.go:46.92,51.2 1 0
MyPIPE/usecase/DeletePlayList.go:16.73,20.2 1 1
MyPIPE/usecase/DeletePlayList.go:22.76,24.19 2 1
MyPIPE/usecase/DeletePlayList.go:27.2,27.12 1 1
MyPIPE/usecase/DeletePlayList.go:24.19,26.3 1 1
MyPIPE/usecase/DeletePlayList.go:35.96,40.2 1 0
MyPIPE/usecase/FollowUser.go:14.96,19.2 1 0
MyPIPE/usecase/FollowUser.go:21.55,23.23 2 0
MyPIPE/usecase/FollowUser.go:27.2,28.22 2 0
MyPIPE/usecase/FollowUser.go:32.2,33.28 2 0
MyPIPE/usecase/FollowUser.go:37.2,39.20 3 0
MyPIPE/usecase/FollowUser.go:42.2,42.12 1 0
MyPIPE/usecase/FollowUser.go:23.23,25.3 1 0
MyPIPE/usecase/FollowUser.go:28.22,30.3 1 0
MyPIPE/usecase/FollowUser.go:33.28,35.3 1 0
MyPIPE/usecase/FollowUser.go:39.20,41.3 1 0
MyPIPE/usecase/FollowUser.go:50.73,55.2 1 0
MyPIPE/usecase/GetMovieAndComments.go:16.88,20.2 1 1
MyPIPE/usecase/GetMovieAndComments.go:22.96,24.2 1 1
MyPIPE/usecase/GetMovieAndComments.go:30.79,34.2 1 0
MyPIPE/usecase/IndexMovie.go:13.73,17.2 1 1
MyPIPE/usecase/IndexMovie.go:19.97,20.39 1 1
MyPIPE/usecase/IndexMovie.go:23.2,23.122 1 1
MyPIPE/usecase/IndexMovie.go:20.39,22.3 1 1
MyPIPE/usecase/IndexMovie.go:32.160,38.2 1 0
MyPIPE/usecase/IndexPlayListsInMyPage.go:16.109,20.2 1 1
MyPIPE/usecase/IndexPlayListsInMyPage.go:22.131,24.2 1 1
MyPIPE/usecase/IndexPlayListsInMyPage.go:30.83,34.2 1 0
MyPIPE/usecase/PostComment.go:18.96,23.2 1 1
MyPIPE/usecase/PostComment.go:25.72,28.25 2 1
MyPIPE/usecase/PostComment.go:31.2,31.18 1 1
MyPIPE/usecase/PostComment.go:35.2,38.16 3 1
MyPIPE/usecase/PostComment.go:41.2,41.12 1 1
MyPIPE/usecase/PostComment.go:28.25,30.3 1 1
MyPIPE/usecase/PostComment.go:31.18,33.3 1 1
MyPIPE/usecase/PostComment.go:38.16,40.3 1 1
MyPIPE/usecase/PostComment.go:50.108,56.2 1 0
MyPIPE/usecase/ChangeThumbnail.go:17.112,22.2 1 1
MyPIPE/usecase/ChangeThumbnail.go:24.88,26.25 2 1
MyPIPE/usecase/ChangeThumbnail.go:30.2,31.35 2 1
MyPIPE/usecase/ChangeThumbnail.go:35.2,36.22 2 1
MyPIPE/usecase/ChangeThumbnail.go:40.2,41.31 2 1
MyPIPE/usecase/ChangeThumbnail.go:45.2,45.12 1 1
MyPIPE/usecase/ChangeThumbnail.go:26.25,28.3 1 1
MyPIPE/usecase/ChangeThumbnail.go:31.35,33.3 1 0
MyPIPE/usecase/ChangeThumbnail.go:36.22,38.3 1 1
MyPIPE/usecase/ChangeThumbnail.go:41.31,43.3 1 1
MyPIPE/usecase/ChangeThumbnail.go:54.125,60.2 1 0
MyPIPE/usecase/UserRegister.go:17.65,21.2 1 1
MyPIPE/usecase/UserRegister.go:23.63,25.24 2 1
MyPIPE/usecase/UserRegister.go:29.2,29.36 1 1
MyPIPE/usecase/UserRegister.go:33.2,34.24 2 1
MyPIPE/usecase/UserRegister.go:37.2,39.14 2 1
MyPIPE/usecase/UserRegister.go:43.2,43.12 1 1
MyPIPE/usecase/UserRegister.go:25.24,27.3 1 1
MyPIPE/usecase/UserRegister.go:29.36,31.3 1 1
MyPIPE/usecase/UserRegister.go:34.24,36.3 1 1
MyPIPE/usecase/UserRegister.go:39.14,41.3 1 1
MyPIPE/usecase/CheckUserAlreadyLikedMovie.go:16.106,20.2 1 1
MyPIPE/usecase/CheckUserAlreadyLikedMovie.go:22.117,25.28 3 1
MyPIPE/usecase/CheckUserAlreadyLikedMovie.go:28.2,28.13 1 1
MyPIPE/usecase/CheckUserAlreadyLikedMovie.go:25.28,27.3 1 1
MyPIPE/usecase/CheckUserAlreadyLikedMovie.go:36.122,41.2 1 0
MyPIPE/usecase/ChangePassword.go:16.69,20.2 1 1
MyPIPE/usecase/ChangePassword.go:22.84,24.24 2 1
MyPIPE/usecase/ChangePassword.go:28.2,29.30 2 1
MyPIPE/usecase/ChangePassword.go:33.2,34.26 2 1
MyPIPE/usecase/ChangePassword.go:38.2,38.12 1 1
MyPIPE/usecase/ChangePassword.go:24.24,26.3 1 1
MyPIPE/usecase/ChangePassword.go:29.30,31.3 1 0
MyPIPE/usecase/ChangePassword.go:34.26,36.3 1 1
MyPIPE/usecase/ChangePassword.go:46.96,51.2 1 0
